DEBUG: F:\a\Cosmos-1-3-0/data/missions\__lib__\artemis-sbs.LegendaryMissions.consoles.v1.4.0_dev.mastlib __init__.mast
DEBUG: F:\a\Cosmos-1-3-0/data/missions\__lib__\artemis-sbs.LegendaryMissions.consoles.v1.4.0_dev.mastlib standard_consoles.mast
DEBUG: F:\a\Cosmos-1-3-0/data/missions\__lib__\artemis-sbs.LegendaryMissions.consoles.v1.4.0_dev.mastlib common_console_select.mast
DEBUG: F:\a\Cosmos-1-3-0/data/missions\__lib__\artemis-sbs.LegendaryMissions.consoles.v1.4.0_dev.mastlib common_console_selection.py
DEBUG: F:\a\Cosmos-1-3-0/data/missions\__lib__\artemis-sbs.LegendaryMissions.consoles.v1.4.0_dev.mastlib manual_weapons.mast
DEBUG: F:\a\Cosmos-1-3-0/data/missions\__lib__\artemis-sbs.LegendaryMissions.consoles.v1.4.0_dev.mastlib game_results.mast
DEBUG: F:\a\Cosmos-1-3-0/data/missions\__lib__\artemis-sbs.LegendaryMissions.consoles.v1.4.0_dev.mastlib server_console.py
DEBUG: F:\a\Cosmos-1-3-0/data/missions\__lib__\artemis-sbs.LegendaryMissions.consoles.v1.4.0_dev.mastlib server_console.mast
DEBUG: F:\a\Cosmos-1-3-0/data/missions\__lib__\artemis-sbs.LegendaryMissions.consoles.v1.4.0_dev.mastlib layout_widgets.mast
DEBUG: F:\a\Cosmos-1-3-0/data/missions\__lib__\artemis-sbs.LegendaryMissions.consoles.v1.4.0_dev.mastlib debug.mast
DEBUG: F:\a\Cosmos-1-3-0/data/missions\__lib__\artemis-sbs.LegendaryMissions.consoles.v1.4.0_dev.mastlib debug.py
DEBUG: F:\a\Cosmos-1-3-0/data/missions\__lib__\artemis-sbs.LegendaryMissions.consoles.v1.4.0_dev.mastlib brain_scan.mast
DEBUG: F:\a\Cosmos-1-3-0/data/missions\__lib__\artemis-sbs.LegendaryMissions.consoles.v1.4.0_dev.mastlib brain_scan.py
DEBUG: F:\a\Cosmos-1-3-0/data/missions\__lib__\artemis-sbs.LegendaryMissions.docking.v1.4.0_dev.mastlib __init__.mast
DEBUG: F:\a\Cosmos-1-3-0/data/missions\__lib__\artemis-sbs.LegendaryMissions.docking.v1.4.0_dev.mastlib station_torp_building.py
DEBUG: F:\a\Cosmos-1-3-0/data/missions\__lib__\artemis-sbs.LegendaryMissions.docking.v1.4.0_dev.mastlib docking.mast
DEBUG: F:\a\Cosmos-1-3-0/data/missions\__lib__\artemis-sbs.LegendaryMissions.comms.v1.4.0_dev.mastlib __init__.mast
DEBUG: F:\a\Cosmos-1-3-0/data/missions\__lib__\artemis-sbs.LegendaryMissions.comms.v1.4.0_dev.mastlib friendly_give_orders.mast
DEBUG: F:\a\Cosmos-1-3-0/data/missions\__lib__\artemis-sbs.LegendaryMissions.comms.v1.4.0_dev.mastlib station_weapon_building.mast
DEBUG: F:\a\Cosmos-1-3-0/data/missions\__lib__\artemis-sbs.LegendaryMissions.comms.v1.4.0_dev.mastlib enemy_taunt.mast
DEBUG: F:\a\Cosmos-1-3-0/data/missions\__lib__\artemis-sbs.LegendaryMissions.comms.v1.4.0_dev.mastlib enemy_surrender.mast
DEBUG: F:\a\Cosmos-1-3-0/data/missions\__lib__\artemis-sbs.LegendaryMissions.comms.v1.4.0_dev.mastlib priority_docking.mast
DEBUG: F:\a\Cosmos-1-3-0/data/missions\__lib__\artemis-sbs.LegendaryMissions.comms.v1.4.0_dev.mastlib enemy_stations.mast
DEBUG: F:\a\Cosmos-1-3-0/data/missions\__lib__\artemis-sbs.LegendaryMissions.comms.v1.4.0_dev.mastlib player_comms.mast
DEBUG: F:\a\Cosmos-1-3-0/data/missions\__lib__\artemis-sbs.LegendaryMissions.damage.v1.4.0_dev.mastlib __init__.mast
DEBUG: F:\a\Cosmos-1-3-0/data/missions\__lib__\artemis-sbs.LegendaryMissions.damage.v1.4.0_dev.mastlib damage.mast
DEBUG: F:\a\Cosmos-1-3-0/data/missions\__lib__\artemis-sbs.LegendaryMissions.damage.v1.4.0_dev.mastlib destroy.mast
DEBUG: F:\a\Cosmos-1-3-0/data/missions\__lib__\artemis-sbs.LegendaryMissions.damage.v1.4.0_dev.mastlib internal_damage.mast
DEBUG: F:\a\Cosmos-1-3-0/data/missions\__lib__\artemis-sbs.LegendaryMissions.damage.v1.4.0_dev.mastlib extra_signals.mast
DEBUG: F:\a\Cosmos-1-3-0/data/missions\__lib__\artemis-sbs.LegendaryMissions.prefabs.v1.4.0_dev.mastlib __init__.mast
DEBUG: F:\a\Cosmos-1-3-0/data/missions\__lib__\artemis-sbs.LegendaryMissions.prefabs.v1.4.0_dev.mastlib monster.mast
DEBUG: F:\a\Cosmos-1-3-0/data/missions\__lib__\artemis-sbs.LegendaryMissions.prefabs.v1.4.0_dev.mastlib basic_civilian.mast
DEBUG: F:\a\Cosmos-1-3-0/data/missions\__lib__\artemis-sbs.LegendaryMissions.prefabs.v1.4.0_dev.mastlib basic_enemy.mast
DEBUG: F:\a\Cosmos-1-3-0/data/missions\__lib__\artemis-sbs.LegendaryMissions.prefabs.v1.4.0_dev.mastlib defender.mast
DEBUG: F:\a\Cosmos-1-3-0/data/missions\__lib__\artemis-sbs.LegendaryMissions.prefabs.v1.4.0_dev.mastlib prefab_helpers.py
DEBUG: F:\a\Cosmos-1-3-0/data/missions\__lib__\artemis-sbs.LegendaryMissions.prefabs.v1.4.0_dev.mastlib side_prefabs.mast
DEBUG: F:\a\Cosmos-1-3-0/data/missions\__lib__\artemis-sbs.LegendaryMissions.prefabs.v1.4.0_dev.mastlib terrain_prefabs.mast
DEBUG: F:\a\Cosmos-1-3-0/data/missions\__lib__\artemis-sbs.LegendaryMissions.prefabs.v1.4.0_dev.mastlib station_prefabs.mast
DEBUG: F:\a\Cosmos-1-3-0/data/missions\__lib__\artemis-sbs.LegendaryMissions.prefabs.v1.4.0_dev.mastlib lifeform_prefabs.mast
DEBUG: F:\a\Cosmos-1-3-0/data/missions\__lib__\artemis-sbs.LegendaryMissions.prefabs.v1.4.0_dev.mastlib torpedo_prefabs.mast
DEBUG: F:\a\Cosmos-1-3-0/data/missions\__lib__\artemis-sbs.LegendaryMissions.fleets.v1.4.0_dev.mastlib __init__.mast
DEBUG: F:\a\Cosmos-1-3-0/data/missions\__lib__\artemis-sbs.LegendaryMissions.fleets.v1.4.0_dev.mastlib fleet.py
DEBUG: F:\a\Cosmos-1-3-0/data/missions\__lib__\artemis-sbs.LegendaryMissions.fleets.v1.4.0_dev.mastlib fleet.mast
DEBUG: F:\a\Cosmos-1-3-0/data/missions\__lib__\artemis-sbs.LegendaryMissions.fleets.v1.4.0_dev.mastlib brain_fleet.mast
DEBUG: F:\a\Cosmos-1-3-0/data/missions\__lib__\artemis-sbs.LegendaryMissions.fleets.v1.4.0_dev.mastlib npc_cag.py
DEBUG: F:\a\Cosmos-1-3-0/data/missions\__lib__\artemis-sbs.LegendaryMissions.fleets.v1.4.0_dev.mastlib map_common.mast
DEBUG: F:\a\Cosmos-1-3-0/data/missions\__lib__\artemis-sbs.LegendaryMissions.fleets.v1.4.0_dev.mastlib elite_abilitites.py
DEBUG: F:\a\Cosmos-1-3-0/data/missions\__lib__\artemis-sbs.LegendaryMissions.fleets.v1.4.0_dev.mastlib elite_abilities.mast
DEBUG: F:\a\Cosmos-1-3-0/data/missions\__lib__\artemis-sbs.LegendaryMissions.fleets.v1.4.0_dev.mastlib elite_abilities_prefabs.mast
DEBUG: F:\a\Cosmos-1-3-0/data/missions\__lib__\artemis-sbs.LegendaryMissions.fleets.v1.4.0_dev.mastlib map_common.py
DEBUG: F:\a\Cosmos-1-3-0/data/missions\__lib__\artemis-sbs.LegendaryMissions.ai.v1.4.0_dev.mastlib __init__.mast
DEBUG: F:\a\Cosmos-1-3-0/data/missions\__lib__\artemis-sbs.LegendaryMissions.ai.v1.4.0_dev.mastlib grid_ai.mast
DEBUG: F:\a\Cosmos-1-3-0/data/missions\__lib__\artemis-sbs.LegendaryMissions.ai.v1.4.0_dev.mastlib grid_ai.py
DEBUG: F:\a\Cosmos-1-3-0/data/missions\__lib__\artemis-sbs.LegendaryMissions.ai.v1.4.0_dev.mastlib npc_brains.mast
DEBUG: F:\a\Cosmos-1-3-0/data/missions\__lib__\artemis-sbs.LegendaryMissions.ai.v1.4.0_dev.mastlib grid_brains.mast
